The system is: Windows - 10.0.17134 - AMD64
Compiling the C compiler identification source file "CMakeCCompilerId.c" succeeded.
Compiler: C:/MinGW/bin/gcc.exe 
Build flags: 
Id flags:  

The output was:
0


Compilation of the C compiler identification source "CMakeCCompilerId.c" produced "a.exe"

The C compiler identification is GNU, found in "C:/Users/noki/CLionProjects/UROP/cmake-build-debug/CMakeFiles/3.10.3/CompilerIdC/a.exe"

Compiling the CXX compiler identification source file "CMakeCXXCompilerId.cpp" succeeded.
Compiler: C:/MinGW/bin/g++.exe 
Build flags: 
Id flags:  

The output was:
0


Compilation of the CXX compiler identification source "CMakeCXXCompilerId.cpp" produced "a.exe"

Compiling the CXX compiler identification source file "CMakeCXXCompilerId.cpp" succeeded.
Compiler: C:/MinGW/bin/g++.exe 
Build flags: 
Id flags: -c 

The output was:
0


Compilation of the CXX compiler identification source "CMakeCXXCompilerId.cpp" produced "CMakeCXXCompilerId.o"

The CXX compiler identification is GNU, found in "C:/Users/noki/CLionProjects/UROP/cmake-build-debug/CMakeFiles/3.10.3/CompilerIdCXX/CMakeCXXCompilerId.o"

Determining if the C compiler works passed with the following output:
Change Dir: C:/Users/noki/CLionProjects/UROP/cmake-build-debug/CMakeFiles/CMakeTmp

Run Build Command:"C:/MinGW/bin/mingw32-make.exe" "cmTC_ea73b/fast"
C:/MinGW/bin/mingw32-make.exe -f CMakeFiles\cmTC_ea73b.dir\build.make CMakeFiles/cmTC_ea73b.dir/build
mingw32-make.exe[1]: Entering directory 'C:/Users/noki/CLionProjects/UROP/cmake-build-debug/CMakeFiles/CMakeTmp'
Building C object CMakeFiles/cmTC_ea73b.dir/testCCompiler.c.obj
C:\MinGW\bin\gcc.exe    -o CMakeFiles\cmTC_ea73b.dir\testCCompiler.c.obj   -c C:\Users\noki\CLionProjects\UROP\cmake-build-debug\CMakeFiles\CMakeTmp\testCCompiler.c
Linking C executable cmTC_ea73b.exe
"C:\Program Files\JetBrains\CLion 2018.1.6\bin\cmake\bin\cmake.exe" -E cmake_link_script CMakeFiles\cmTC_ea73b.dir\link.txt --verbose=1
"C:\Program Files\JetBrains\CLion 2018.1.6\bin\cmake\bin\cmake.exe" -E remove -f CMakeFiles\cmTC_ea73b.dir/objects.a
C:\MinGW\bin\ar.exe cr CMakeFiles\cmTC_ea73b.dir/objects.a @CMakeFiles\cmTC_ea73b.dir\objects1.rsp
C:\MinGW\bin\gcc.exe      -Wl,--whole-archive CMakeFiles\cmTC_ea73b.dir/objects.a -Wl,--no-whole-archive  -o cmTC_ea73b.exe -Wl,--out-implib,libcmTC_ea73b.dll.a -Wl,--major-image-version,0,--minor-image-version,0 @CMakeFiles\cmTC_ea73b.dir\linklibs.rsp
mingw32-make.exe[1]: Leaving directory 'C:/Users/noki/CLionProjects/UROP/cmake-build-debug/CMakeFiles/CMakeTmp'


Determining if the CXX compiler works passed with the following output:
Change Dir: C:/Users/noki/CLionProjects/UROP/cmake-build-debug/CMakeFiles/CMakeTmp

Run Build Command:"C:/MinGW/bin/mingw32-make.exe" "cmTC_0d358/fast"
C:/MinGW/bin/mingw32-make.exe -f CMakeFiles\cmTC_0d358.dir\build.make CMakeFiles/cmTC_0d358.dir/build
mingw32-make.exe[1]: Entering directory 'C:/Users/noki/CLionProjects/UROP/cmake-build-debug/CMakeFiles/CMakeTmp'
Building CXX object CMakeFiles/cmTC_0d358.dir/testCXXCompiler.cxx.obj
C:\MinGW\bin\g++.exe     -o CMakeFiles\cmTC_0d358.dir\testCXXCompiler.cxx.obj -c C:\Users\noki\CLionProjects\UROP\cmake-build-debug\CMakeFiles\CMakeTmp\testCXXCompiler.cxx
Linking CXX executable cmTC_0d358.exe
"C:\Program Files\JetBrains\CLion 2018.1.6\bin\cmake\bin\cmake.exe" -E cmake_link_script CMakeFiles\cmTC_0d358.dir\link.txt --verbose=1
"C:\Program Files\JetBrains\CLion 2018.1.6\bin\cmake\bin\cmake.exe" -E remove -f CMakeFiles\cmTC_0d358.dir/objects.a
C:\MinGW\bin\ar.exe cr CMakeFiles\cmTC_0d358.dir/objects.a @CMakeFiles\cmTC_0d358.dir\objects1.rsp
C:\MinGW\bin\g++.exe      -Wl,--whole-archive CMakeFiles\cmTC_0d358.dir/objects.a -Wl,--no-whole-archive  -o cmTC_0d358.exe -Wl,--out-implib,libcmTC_0d358.dll.a -Wl,--major-image-version,0,--minor-image-version,0 @CMakeFiles\cmTC_0d358.dir\linklibs.rsp
mingw32-make.exe[1]: Leaving directory 'C:/Users/noki/CLionProjects/UROP/cmake-build-debug/CMakeFiles/CMakeTmp'


